0 0 0 no answer
0 0 1 15
0 0 2 30
0 0 3 45
0 0 4 60
0 0 5 75
0 0 6 90
0 1 0 21
0 1 1 36
0 1 2 51
0 1 3 66
0 1 4 81
0 1 5 96
0 1 6 no answer
0 2 0 42
0 2 1 57
0 2 2 72
0 2 3 87
0 2 4 no answer
0 2 5 12
0 2 6 27
0 3 0 63
0 3 1 78
0 3 2 93
0 3 3 no answer
0 3 4 18
0 3 5 33
0 3 6 48
0 4 0 84
0 4 1 99
0 4 2 no answer
0 4 3 24
0 4 4 39
0 4 5 54
0 4 6 69
1 0 0 70
1 0 1 85
1 0 2 100
1 0 3 10
1 0 4 25
1 0 5 40
1 0 6 55
1 1 0 91
1 1 1 no answer
1 1 2 16
1 1 3 31
1 1 4 46
1 1 5 61
1 1 6 76
1 2 0 no answer
1 2 1 22
1 2 2 37
1 2 3 52
1 2 4 67
1 2 5 82
1 2 6 97
1 3 0 28
1 3 1 43
1 3 2 58
1 3 3 73
1 3 4 88
1 3 5 no answer
1 3 6 13
1 4 0 49
1 4 1 64
1 4 2 79
1 4 3 94
1 4 4 no answer
1 4 5 19
1 4 6 34
2 0 0 35
2 0 1 50
2 0 2 65
2 0 3 80
2 0 4 95
2 0 5 no answer
2 0 6 20
2 1 0 56
2 1 1 71
2 1 2 86
2 1 3 no answer
2 1 4 11
2 1 5 26
2 1 6 41
2 2 0 77
2 2 1 92
2 2 2 no answer
2 2 3 17
2 2 4 32
2 2 5 47
2 2 6 62
2 3 0 98
2 3 1 no answer
2 3 2 23
2 3 3 38
2 3 4 53
2 3 5 68
2 3 6 83
2 4 0 14
2 4 1 29
2 4 2 44
2 4 3 59
2 4 4 74
2 4 5 89
2 4 6 no answer
